<?xml version="1.0" encoding="UTF-8"?>
<!-- Generated by org.testng.reporters.JUnitReportReporter -->
<testsuite skipped="0" hostname="G1C2ML15625" name="MyRunner.TestRunner" tests="1" failures="0" timestamp="07 Sep 2018 10:04:29 GMT" time="10.448" errors="0">
  <testcase name="feature" time="10.448" classname="MyRunner.TestRunner"/>
</testsuite> <!-- MyRunner.TestRunner -->
